<?xml version="1.0" encoding="UTF-8"?>
<testng-results skipped="0" failed="1" ignored="0" total="4" passed="3">
  <reporter-output>
  </reporter-output>
  <suite name="Suite" duration-ms="103013" started-at="2020-01-24T16:09:24Z" finished-at="2020-01-24T16:11:07Z">
    <groups>
    </groups>
    <test name="Validating User Login" duration-ms="61260" started-at="2020-01-24T16:09:24Z" finished-at="2020-01-24T16:10:25Z">
      <class name="Academy.HomePage">
        <test-method status="PASS" signature="initialize()[pri:0, instance:Academy.HomePage@1832929]" name="initialize" is-config="true" duration-ms="10051" started-at="2020-01-24T21:39:24Z" finished-at="2020-01-24T21:39:34Z">
          <reporter-output>
          </reporter-output>
        </test-method> <!-- initialize -->
        <test-method status="PASS" signature="basePageNavigation(java.lang.String, java.lang.String, java.lang.String)[pri:0, instance:Academy.HomePage@1832929]" name="basePageNavigation" duration-ms="30179" started-at="2020-01-24T21:39:34Z" data-provider="getData" finished-at="2020-01-24T21:40:04Z">
          <params>
            <param index="0">
              <value>
                <![CDATA[nonrestricteduser@qw.com]]>
              </value>
            </param>
            <param index="1">
              <value>
                <![CDATA[123456]]>
              </value>
            </param>
            <param index="2">
              <value>
                <![CDATA[Restricted User]]>
              </value>
            </param>
          </params>
          <reporter-output>
          </reporter-output>
        </test-method> <!-- basePageNavigation -->
        <test-method status="PASS" signature="basePageNavigation(java.lang.String, java.lang.String, java.lang.String)[pri:0, instance:Academy.HomePage@1832929]" name="basePageNavigation" duration-ms="20649" started-at="2020-01-24T21:40:04Z" data-provider="getData" finished-at="2020-01-24T21:40:25Z">
          <params>
            <param index="0">
              <value>
                <![CDATA[restricteduser@qw.com]]>
              </value>
            </param>
            <param index="1">
              <value>
                <![CDATA[123456]]>
              </value>
            </param>
            <param index="2">
              <value>
                <![CDATA[NonRestricted User]]>
              </value>
            </param>
          </params>
          <reporter-output>
          </reporter-output>
        </test-method> <!-- basePageNavigation -->
        <test-method status="PASS" signature="tearDown()[pri:0, instance:Academy.HomePage@1832929]" name="tearDown" is-config="true" duration-ms="279" started-at="2020-01-24T21:40:25Z" finished-at="2020-01-24T21:40:25Z">
          <reporter-output>
          </reporter-output>
        </test-method> <!-- tearDown -->
      </class> <!-- Academy.HomePage -->
    </test> <!-- Validating User Login -->
    <test name="ValidateTitle" duration-ms="30548" started-at="2020-01-24T16:10:25Z" finished-at="2020-01-24T16:10:56Z">
      <class name="Academy.ValidateTitle">
        <test-method status="PASS" signature="initialize()[pri:0, instance:Academy.ValidateTitle@194d431]" name="initialize" is-config="true" duration-ms="14549" started-at="2020-01-24T21:40:25Z" finished-at="2020-01-24T21:40:40Z">
          <reporter-output>
          </reporter-output>
        </test-method> <!-- initialize -->
        <test-method status="FAIL" signature="basePageNavigation()[pri:0, instance:Academy.ValidateTitle@194d431]" name="basePageNavigation" duration-ms="15693" started-at="2020-01-24T21:40:40Z" finished-at="2020-01-24T21:40:55Z">
          <exception class="java.lang.AssertionError">
            <message>
              <![CDATA[expected [FEATURED COURSES123] but found [FEATURED COURSES]]]>
            </message>
            <full-stacktrace>
              <![CDATA[java.lang.AssertionError: expected [FEATURED COURSES123] but found [FEATURED COURSES]
	at org.testng.Assert.fail(Assert.java:93)
	at org.testng.Assert.failNotEquals(Assert.java:512)
	at org.testng.Assert.assertEqualsImpl(Assert.java:134)
	at org.testng.Assert.assertEquals(Assert.java:115)
	at org.testng.Assert.assertEquals(Assert.java:189)
	at org.testng.Assert.assertEquals(Assert.java:199)
	at Academy.ValidateTitle.basePageNavigation(ValidateTitle.java:37)
	at sun.reflect.NativeMethodAccessorImpl.invoke0(Native Method)
	at sun.reflect.NativeMethodAccessorImpl.invoke(NativeMethodAccessorImpl.java:62)
	at sun.reflect.DelegatingMethodAccessorImpl.invoke(DelegatingMethodAccessorImpl.java:43)
	at java.lang.reflect.Method.invoke(Method.java:498)
	at org.testng.internal.MethodInvocationHelper.invokeMethod(MethodInvocationHelper.java:108)
	at org.testng.internal.Invoker.invokeMethod(Invoker.java:661)
	at org.testng.internal.Invoker.invokeTestMethod(Invoker.java:869)
	at org.testng.internal.Invoker.invokeTestMethods(Invoker.java:1193)
	at org.testng.internal.TestMethodWorker.invokeTestMethods(TestMethodWorker.java:126)
	at org.testng.internal.TestMethodWorker.run(TestMethodWorker.java:109)
	at org.testng.TestRunner.privateRun(TestRunner.java:744)
	at org.testng.TestRunner.run(TestRunner.java:602)
	at org.testng.SuiteRunner.runTest(SuiteRunner.java:380)
	at org.testng.SuiteRunner.runSequentially(SuiteRunner.java:375)
	at org.testng.SuiteRunner.privateRun(SuiteRunner.java:340)
	at org.testng.SuiteRunner.run(SuiteRunner.java:289)
	at org.testng.SuiteRunnerWorker.runSuite(SuiteRunnerWorker.java:52)
	at org.testng.SuiteRunnerWorker.run(SuiteRunnerWorker.java:86)
	at org.testng.TestNG.runSuitesSequentially(TestNG.java:1301)
	at org.testng.TestNG.runSuitesLocally(TestNG.java:1226)
	at org.testng.TestNG.runSuites(TestNG.java:1144)
	at org.testng.TestNG.run(TestNG.java:1115)
	at org.testng.remote.AbstractRemoteTestNG.run(AbstractRemoteTestNG.java:126)
	at org.testng.remote.RemoteTestNG.initAndRun(RemoteTestNG.java:137)
	at org.testng.remote.RemoteTestNG.main(RemoteTestNG.java:58)
]]>
            </full-stacktrace>
          </exception> <!-- java.lang.AssertionError -->
          <reporter-output>
          </reporter-output>
        </test-method> <!-- basePageNavigation -->
        <test-method status="PASS" signature="tearDown()[pri:0, instance:Academy.ValidateTitle@194d431]" name="tearDown" is-config="true" duration-ms="265" started-at="2020-01-24T21:40:55Z" finished-at="2020-01-24T21:40:56Z">
          <reporter-output>
          </reporter-output>
        </test-method> <!-- tearDown -->
      </class> <!-- Academy.ValidateTitle -->
    </test> <!-- ValidateTitle -->
    <test name="ValidateNavigationBar" duration-ms="10971" started-at="2020-01-24T16:10:56Z" finished-at="2020-01-24T16:11:07Z">
      <class name="Academy.ValidateNavigationBar">
        <test-method status="PASS" signature="initialize()[pri:0, instance:Academy.ValidateNavigationBar@67ae56]" name="initialize" is-config="true" duration-ms="8258" started-at="2020-01-24T21:40:56Z" finished-at="2020-01-24T21:41:04Z">
          <reporter-output>
          </reporter-output>
        </test-method> <!-- initialize -->
        <test-method status="PASS" signature="basePageNavigation()[pri:0, instance:Academy.ValidateNavigationBar@67ae56]" name="basePageNavigation" duration-ms="385" started-at="2020-01-24T21:41:04Z" finished-at="2020-01-24T21:41:04Z">
          <reporter-output>
          </reporter-output>
        </test-method> <!-- basePageNavigation -->
        <test-method status="PASS" signature="tearDown()[pri:0, instance:Academy.ValidateNavigationBar@67ae56]" name="tearDown" is-config="true" duration-ms="2319" started-at="2020-01-24T21:41:04Z" finished-at="2020-01-24T21:41:07Z">
          <reporter-output>
          </reporter-output>
        </test-method> <!-- tearDown -->
      </class> <!-- Academy.ValidateNavigationBar -->
    </test> <!-- ValidateNavigationBar -->
  </suite> <!-- Suite -->
</testng-results>
